{"sessionId":"ed8025","runId":"batch-fix","hypothesisId":"F","location":"ChunkManager.cpp:batchEvictRegion","message":"batch eviction","data":{"coord":[0,0],"evicted":25,"stripesMs":3.165,"clearMs":0.857,"destroyMs":16.522,"totalMs":20.544},"timestamp":1775448539851}
{"sessionId":"ed8025","runId":"batch-fix","hypothesisId":"B","location":"TerrainController.cpp:evictChunk","message":"eviction summary","data":{"evictRecordLoopMs":23.188,"deferredPushAndReleaseMs":0.783,"totalMs":23.972,"coord":[0,0],"evictSuccess":25},"timestamp":1775448539854}
{"sessionId":"ed8025","runId":"batch-fix","hypothesisId":"D","location":"TerrainStreamer.cpp:applyEvictions","message":"frame eviction batch","data":{"evictedCount":1,"candidateCount":1,"batchMs":53.887},"timestamp":1775448539888}
{"sessionId":"ed8025","runId":"post-fix","hypothesisId":"B","location":"TerrainController.cpp:flushDeferredDeletes","message":"pool refill","data":{"inputSsboPoolSize":1,"outputSsboPoolSize":1,"vboPoolSize":1,"iboPoolSize":1,"deferredRemaining":1},"timestamp":1775448540258}
{"sessionId":"ed8025","runId":"batch-fix","hypothesisId":"F","location":"ChunkManager.cpp:batchEvictRegion","message":"batch eviction","data":{"coord":[-3,3],"evicted":21,"stripesMs":0.406,"clearMs":0.025,"destroyMs":12.674,"totalMs":13.105},"timestamp":1775448543036}
{"sessionId":"ed8025","runId":"batch-fix","hypothesisId":"B","location":"TerrainController.cpp:evictChunk","message":"eviction summary","data":{"evictRecordLoopMs":16.741,"deferredPushAndReleaseMs":1.592,"totalMs":18.333,"coord":[-3,3],"evictSuccess":21},"timestamp":1775448543042}
{"sessionId":"ed8025","runId":"batch-fix","hypothesisId":"F","location":"ChunkManager.cpp:batchEvictRegion","message":"batch eviction","data":{"coord":[3,3],"evicted":21,"stripesMs":5.115,"clearMs":0.025,"destroyMs":102.854,"totalMs":107.993},"timestamp":1775448543186}
{"sessionId":"ed8025","runId":"batch-fix","hypothesisId":"B","location":"TerrainController.cpp:evictChunk","message":"eviction summary","data":{"evictRecordLoopMs":328.925,"deferredPushAndReleaseMs":125.499,"totalMs":454.425,"coord":[3,3],"evictSuccess":21},"timestamp":1775448543506}
{"sessionId":"ed8025","runId":"batch-fix","hypothesisId":"D","location":"TerrainStreamer.cpp:applyEvictions","message":"frame eviction batch","data":{"evictedCount":2,"candidateCount":3,"batchMs":484.286},"timestamp":1775448543506}
{"sessionId":"ed8025","runId":"batch-fix","hypothesisId":"F","location":"ChunkManager.cpp:batchEvictRegion","message":"batch eviction","data":{"coord":[0,3],"evicted":3,"stripesMs":3.495,"clearMs":0.098,"destroyMs":1.816,"totalMs":5.408},"timestamp":1775448543529}
{"sessionId":"ed8025","runId":"batch-fix","hypothesisId":"B","location":"TerrainController.cpp:evictChunk","message":"eviction summary","data":{"evictRecordLoopMs":5.740,"deferredPushAndReleaseMs":0.070,"totalMs":5.810,"coord":[0,3],"evictSuccess":3},"timestamp":1775448543529}
{"sessionId":"ed8025","runId":"batch-fix","hypothesisId":"D","location":"TerrainStreamer.cpp:applyEvictions","message":"frame eviction batch","data":{"evictedCount":1,"candidateCount":1,"batchMs":7.609},"timestamp":1775448543531}
{"sessionId":"ed8025","runId":"post-fix","hypothesisId":"B","location":"TerrainController.cpp:flushDeferredDeletes","message":"pool refill","data":{"inputSsboPoolSize":2,"outputSsboPoolSize":2,"vboPoolSize":2,"iboPoolSize":2,"deferredRemaining":3},"timestamp":1775448543570}
{"sessionId":"ed8025","runId":"post-fix","hypothesisId":"B","location":"TerrainController.cpp:flushDeferredDeletes","message":"pool refill","data":{"inputSsboPoolSize":3,"outputSsboPoolSize":3,"vboPoolSize":3,"iboPoolSize":3,"deferredRemaining":2},"timestamp":1775448543570}
{"sessionId":"ed8025","runId":"post-fix","hypothesisId":"B","location":"TerrainController.cpp:flushDeferredDeletes","message":"pool refill","data":{"inputSsboPoolSize":4,"outputSsboPoolSize":4,"vboPoolSize":4,"iboPoolSize":4,"deferredRemaining":1},"timestamp":1775448543580}
{"sessionId":"ed8025","runId":"batch-fix","hypothesisId":"F","location":"ChunkManager.cpp:batchEvictRegion","message":"batch eviction","data":{"coord":[-3,6],"evicted":15,"stripesMs":5.083,"clearMs":0.467,"destroyMs":8.128,"totalMs":13.678},"timestamp":1775448546240}
{"sessionId":"ed8025","runId":"batch-fix","hypothesisId":"B","location":"TerrainController.cpp:evictChunk","message":"eviction summary","data":{"evictRecordLoopMs":16.327,"deferredPushAndReleaseMs":0.416,"totalMs":16.743,"coord":[-3,6],"evictSuccess":15},"timestamp":1775448546243}
{"sessionId":"ed8025","runId":"batch-fix","hypothesisId":"F","location":"ChunkManager.cpp:batchEvictRegion","message":"batch eviction","data":{"coord":[3,6],"evicted":15,"stripesMs":2.526,"clearMs":37.846,"destroyMs":246.725,"totalMs":287.097},"timestamp":1775448546667}
{"sessionId":"ed8025","runId":"batch-fix","hypothesisId":"B","location":"TerrainController.cpp:evictChunk","message":"eviction summary","data":{"evictRecordLoopMs":438.609,"deferredPushAndReleaseMs":6.974,"totalMs":445.583,"coord":[3,6],"evictSuccess":15},"timestamp":1775448546691}
{"sessionId":"ed8025","runId":"batch-fix","hypothesisId":"D","location":"TerrainStreamer.cpp:applyEvictions","message":"frame eviction batch","data":{"evictedCount":2,"candidateCount":3,"batchMs":465.787},"timestamp":1775448546691}
{"sessionId":"ed8025","runId":"batch-fix","hypothesisId":"F","location":"ChunkManager.cpp:batchEvictRegion","message":"batch eviction","data":{"coord":[0,6],"evicted":3,"stripesMs":5.789,"clearMs":0.081,"destroyMs":1.598,"totalMs":7.468},"timestamp":1775448546709}
{"sessionId":"ed8025","runId":"batch-fix","hypothesisId":"B","location":"TerrainController.cpp:evictChunk","message":"eviction summary","data":{"evictRecordLoopMs":7.865,"deferredPushAndReleaseMs":0.057,"totalMs":7.922,"coord":[0,6],"evictSuccess":3},"timestamp":1775448546710}
{"sessionId":"ed8025","runId":"batch-fix","hypothesisId":"D","location":"TerrainStreamer.cpp:applyEvictions","message":"frame eviction batch","data":{"evictedCount":1,"candidateCount":1,"batchMs":11.365},"timestamp":1775448546712}
{"sessionId":"ed8025","runId":"post-fix","hypothesisId":"B","location":"TerrainController.cpp:flushDeferredDeletes","message":"pool refill","data":{"inputSsboPoolSize":2,"outputSsboPoolSize":2,"vboPoolSize":2,"iboPoolSize":2,"deferredRemaining":3},"timestamp":1775448546738}
{"sessionId":"ed8025","runId":"post-fix","hypothesisId":"B","location":"TerrainController.cpp:flushDeferredDeletes","message":"pool refill","data":{"inputSsboPoolSize":3,"outputSsboPoolSize":3,"vboPoolSize":3,"iboPoolSize":3,"deferredRemaining":2},"timestamp":1775448546739}
{"sessionId":"ed8025","runId":"post-fix","hypothesisId":"B","location":"TerrainController.cpp:flushDeferredDeletes","message":"pool refill","data":{"inputSsboPoolSize":4,"outputSsboPoolSize":4,"vboPoolSize":4,"iboPoolSize":4,"deferredRemaining":1},"timestamp":1775448546764}
{"sessionId":"ed8025","runId":"batch-fix","hypothesisId":"F","location":"ChunkManager.cpp:batchEvictRegion","message":"batch eviction","data":{"coord":[0,9],"evicted":15,"stripesMs":1.162,"clearMs":0.798,"destroyMs":11.182,"totalMs":13.142},"timestamp":1775448549436}
{"sessionId":"ed8025","runId":"batch-fix","hypothesisId":"B","location":"TerrainController.cpp:evictChunk","message":"eviction summary","data":{"evictRecordLoopMs":15.429,"deferredPushAndReleaseMs":0.274,"totalMs":15.704,"coord":[0,9],"evictSuccess":15},"timestamp":1775448549439}
{"sessionId":"ed8025","runId":"batch-fix","hypothesisId":"F","location":"ChunkManager.cpp:batchEvictRegion","message":"batch eviction","data":{"coord":[-3,9],"evicted":9,"stripesMs":0.850,"clearMs":0.871,"destroyMs":6.135,"totalMs":7.856},"timestamp":1775448549454}
{"sessionId":"ed8025","runId":"batch-fix","hypothesisId":"B","location":"TerrainController.cpp:evictChunk","message":"eviction summary","data":{"evictRecordLoopMs":56.784,"deferredPushAndReleaseMs":47.347,"totalMs":104.131,"coord":[-3,9],"evictSuccess":9},"timestamp":1775448549546}
{"sessionId":"ed8025","runId":"batch-fix","hypothesisId":"D","location":"TerrainStreamer.cpp:applyEvictions","message":"frame eviction batch","data":{"evictedCount":2,"candidateCount":3,"batchMs":256.832},"timestamp":1775448549777}
{"sessionId":"ed8025","runId":"batch-fix","hypothesisId":"F","location":"ChunkManager.cpp:batchEvictRegion","message":"batch eviction","data":{"coord":[3,9],"evicted":9,"stripesMs":1.128,"clearMs":0.160,"destroyMs":4.917,"totalMs":6.206},"timestamp":1775448549886}
{"sessionId":"ed8025","runId":"batch-fix","hypothesisId":"B","location":"TerrainController.cpp:evictChunk","message":"eviction summary","data":{"evictRecordLoopMs":6.635,"deferredPushAndReleaseMs":0.012,"totalMs":6.647,"coord":[3,9],"evictSuccess":9},"timestamp":1775448549886}
{"sessionId":"ed8025","runId":"batch-fix","hypothesisId":"D","location":"TerrainStreamer.cpp:applyEvictions","message":"frame eviction batch","data":{"evictedCount":1,"candidateCount":1,"batchMs":7.034},"timestamp":1775448549886}
{"sessionId":"ed8025","runId":"post-fix","hypothesisId":"B","location":"TerrainController.cpp:flushDeferredDeletes","message":"pool refill","data":{"inputSsboPoolSize":4,"outputSsboPoolSize":4,"vboPoolSize":4,"iboPoolSize":3,"deferredRemaining":3},"timestamp":1775448549920}
{"sessionId":"ed8025","runId":"post-fix","hypothesisId":"B","location":"TerrainController.cpp:flushDeferredDeletes","message":"pool refill","data":{"inputSsboPoolSize":5,"outputSsboPoolSize":5,"vboPoolSize":5,"iboPoolSize":4,"deferredRemaining":2},"timestamp":1775448549920}
{"sessionId":"ed8025","runId":"post-fix","hypothesisId":"B","location":"TerrainController.cpp:flushDeferredDeletes","message":"pool refill","data":{"inputSsboPoolSize":6,"outputSsboPoolSize":6,"vboPoolSize":6,"iboPoolSize":5,"deferredRemaining":1},"timestamp":1775448549929}
{"sessionId":"ed8025","runId":"batch-fix","hypothesisId":"F","location":"ChunkManager.cpp:batchEvictRegion","message":"batch eviction","data":{"coord":[-3,12],"evicted":15,"stripesMs":10.368,"clearMs":7.346,"destroyMs":16.470,"totalMs":34.184},"timestamp":1775448552671}
{"sessionId":"ed8025","runId":"batch-fix","hypothesisId":"B","location":"TerrainController.cpp:evictChunk","message":"eviction summary","data":{"evictRecordLoopMs":166.646,"deferredPushAndReleaseMs":191.017,"totalMs":357.663,"coord":[-3,12],"evictSuccess":15},"timestamp":1775448553051}
{"sessionId":"ed8025","runId":"batch-fix","hypothesisId":"F","location":"ChunkManager.cpp:batchEvictRegion","message":"batch eviction","data":{"coord":[3,12],"evicted":15,"stripesMs":16.434,"clearMs":0.145,"destroyMs":17.636,"totalMs":34.214},"timestamp":1775448553098}
{"sessionId":"ed8025","runId":"batch-fix","hypothesisId":"B","location":"TerrainController.cpp:evictChunk","message":"eviction summary","data":{"evictRecordLoopMs":34.673,"deferredPushAndReleaseMs":0.480,"totalMs":35.153,"coord":[3,12],"evictSuccess":15},"timestamp":1775448553098}
{"sessionId":"ed8025","runId":"batch-fix","hypothesisId":"D","location":"TerrainStreamer.cpp:applyEvictions","message":"frame eviction batch","data":{"evictedCount":2,"candidateCount":3,"batchMs":468.782},"timestamp":1775448553100}
{"sessionId":"ed8025","runId":"batch-fix","hypothesisId":"F","location":"ChunkManager.cpp:batchEvictRegion","message":"batch eviction","data":{"coord":[0,12],"evicted":3,"stripesMs":1.492,"clearMs":0.066,"destroyMs":1.589,"totalMs":3.147},"timestamp":1775448553114}
{"sessionId":"ed8025","runId":"batch-fix","hypothesisId":"B","location":"TerrainController.cpp:evictChunk","message":"eviction summary","data":{"evictRecordLoopMs":3.443,"deferredPushAndReleaseMs":0.018,"totalMs":3.461,"coord":[0,12],"evictSuccess":3},"timestamp":1775448553115}
{"sessionId":"ed8025","runId":"batch-fix","hypothesisId":"D","location":"TerrainStreamer.cpp:applyEvictions","message":"frame eviction batch","data":{"evictedCount":1,"candidateCount":1,"batchMs":3.830},"timestamp":1775448553115}
{"sessionId":"ed8025","runId":"post-fix","hypothesisId":"B","location":"TerrainController.cpp:flushDeferredDeletes","message":"pool refill","data":{"inputSsboPoolSize":4,"outputSsboPoolSize":4,"vboPoolSize":4,"iboPoolSize":3,"deferredRemaining":3},"timestamp":1775448553145}
{"sessionId":"ed8025","runId":"post-fix","hypothesisId":"B","location":"TerrainController.cpp:flushDeferredDeletes","message":"pool refill","data":{"inputSsboPoolSize":5,"outputSsboPoolSize":5,"vboPoolSize":5,"iboPoolSize":4,"deferredRemaining":2},"timestamp":1775448553147}
{"sessionId":"ed8025","runId":"post-fix","hypothesisId":"B","location":"TerrainController.cpp:flushDeferredDeletes","message":"pool refill","data":{"inputSsboPoolSize":6,"outputSsboPoolSize":6,"vboPoolSize":6,"iboPoolSize":5,"deferredRemaining":1},"timestamp":1775448553154}
