{"sessionId":"6bde4a","hypothesisId":"A","location":"VkTerrain.h:393","message":"ssbo1 breakdown","data":{"poolHit":false,"poolSize":0,"backBufSize":0,"needed":1858016,"initOrPoolMs":0.173,"mapMs":0.000,"cpyFlushMs":0.794,"totalMs":0.967},"timestamp":1775441580550}
{"sessionId":"6bde4a","hypothesisId":"B","location":"VkTerrain.h:432","message":"ssbo2 breakdown","data":{"poolHit":false,"poolSize":0,"backBufSize":0,"needed":236496,"totalMs":0.153},"timestamp":1775441580550}
{"sessionId":"6bde4a","hypothesisId":"A","location":"VkTerrain.h:393","message":"ssbo1 breakdown","data":{"poolHit":false,"poolSize":0,"backBufSize":0,"needed":1864576,"initOrPoolMs":0.274,"mapMs":0.001,"cpyFlushMs":0.763,"totalMs":1.037},"timestamp":1775441584416}
{"sessionId":"6bde4a","hypothesisId":"B","location":"VkTerrain.h:432","message":"ssbo2 breakdown","data":{"poolHit":false,"poolSize":0,"backBufSize":0,"needed":237168,"totalMs":0.517},"timestamp":1775441584432}
{"sessionId":"6bde4a","hypothesisId":"A","location":"VkTerrain.h:393","message":"ssbo1 breakdown","data":{"poolHit":false,"poolSize":0,"backBufSize":0,"needed":1863488,"initOrPoolMs":0.166,"mapMs":0.001,"cpyFlushMs":0.663,"totalMs":0.830},"timestamp":1775441584434}
{"sessionId":"6bde4a","hypothesisId":"B","location":"VkTerrain.h:432","message":"ssbo2 breakdown","data":{"poolHit":false,"poolSize":0,"backBufSize":0,"needed":238464,"totalMs":0.258},"timestamp":1775441584434}
{"sessionId":"6bde4a","hypothesisId":"A","location":"VkTerrain.h:393","message":"ssbo1 breakdown","data":{"poolHit":false,"poolSize":0,"backBufSize":0,"needed":1857520,"initOrPoolMs":0.186,"mapMs":0.001,"cpyFlushMs":0.656,"totalMs":0.842},"timestamp":1775441584650}
{"sessionId":"6bde4a","hypothesisId":"B","location":"VkTerrain.h:432","message":"ssbo2 breakdown","data":{"poolHit":false,"poolSize":0,"backBufSize":0,"needed":235120,"totalMs":0.124},"timestamp":1775441584651}
{"sessionId":"6bde4a","hypothesisId":"A","location":"VkTerrain.h:393","message":"ssbo1 breakdown","data":{"poolHit":false,"poolSize":0,"backBufSize":0,"needed":1870928,"initOrPoolMs":0.066,"mapMs":0.000,"cpyFlushMs":0.662,"totalMs":0.728},"timestamp":1775441588063}
{"sessionId":"6bde4a","hypothesisId":"B","location":"VkTerrain.h:432","message":"ssbo2 breakdown","data":{"poolHit":false,"poolSize":0,"backBufSize":0,"needed":239584,"totalMs":0.112},"timestamp":1775441588064}
{"sessionId":"6bde4a","hypothesisId":"A","location":"VkTerrain.h:393","message":"ssbo1 breakdown","data":{"poolHit":false,"poolSize":0,"backBufSize":0,"needed":1860048,"initOrPoolMs":4.013,"mapMs":0.001,"cpyFlushMs":1.175,"totalMs":5.188},"timestamp":1775441588088}
{"sessionId":"6bde4a","hypothesisId":"B","location":"VkTerrain.h:432","message":"ssbo2 breakdown","data":{"poolHit":false,"poolSize":0,"backBufSize":0,"needed":237024,"totalMs":0.252},"timestamp":1775441588088}
{"sessionId":"6bde4a","hypothesisId":"E","location":"TerrainController.cpp:223","message":"eviction breakdown","data":{"evictRecordLoopMs":29.750,"deferredPushAndReleaseMs":0.011,"totalMs":29.762,"coord":[0,0]},"timestamp":1775441588336}
{"sessionId":"6bde4a","hypothesisId":"A","location":"VkTerrain.h:393","message":"ssbo1 breakdown","data":{"poolHit":false,"poolSize":0,"backBufSize":0,"needed":1865744,"initOrPoolMs":0.184,"mapMs":0.001,"cpyFlushMs":0.826,"totalMs":1.010},"timestamp":1775441588365}
{"sessionId":"6bde4a","hypothesisId":"B","location":"VkTerrain.h:432","message":"ssbo2 breakdown","data":{"poolHit":false,"poolSize":0,"backBufSize":0,"needed":238368,"totalMs":13.235},"timestamp":1775441588433}
{"sessionId":"6bde4a","hypothesisId":"B","location":"TerrainController.cpp:644","message":"pool refill","data":{"inputSsboPoolSize":1,"outputSsboPoolSize":1,"vboPoolSize":1,"iboPoolSize":1,"deferredRemaining":1},"timestamp":1775441588658}
{"sessionId":"6bde4a","hypothesisId":"A","location":"VkTerrain.h:393","message":"ssbo1 breakdown","data":{"poolHit":false,"poolSize":1,"backBufSize":1858016,"needed":1863904,"initOrPoolMs":0.207,"mapMs":0.001,"cpyFlushMs":0.278,"totalMs":0.485},"timestamp":1775441590694}
{"sessionId":"6bde4a","hypothesisId":"B","location":"VkTerrain.h:432","message":"ssbo2 breakdown","data":{"poolHit":false,"poolSize":1,"backBufSize":236496,"needed":238144,"totalMs":0.102},"timestamp":1775441590694}
{"sessionId":"6bde4a","hypothesisId":"A","location":"VkTerrain.h:393","message":"ssbo1 breakdown","data":{"poolHit":false,"poolSize":1,"backBufSize":1858016,"needed":1859200,"initOrPoolMs":0.090,"mapMs":0.000,"cpyFlushMs":0.277,"totalMs":0.367},"timestamp":1775441590695}
{"sessionId":"6bde4a","hypothesisId":"B","location":"VkTerrain.h:432","message":"ssbo2 breakdown","data":{"poolHit":false,"poolSize":1,"backBufSize":236496,"needed":237792,"totalMs":0.084},"timestamp":1775441590695}
{"sessionId":"6bde4a","hypothesisId":"A","location":"VkTerrain.h:393","message":"ssbo1 breakdown","data":{"poolHit":false,"poolSize":1,"backBufSize":1858016,"needed":1865872,"initOrPoolMs":0.172,"mapMs":0.000,"cpyFlushMs":0.278,"totalMs":0.450},"timestamp":1775441590944}
{"sessionId":"6bde4a","hypothesisId":"B","location":"VkTerrain.h:432","message":"ssbo2 breakdown","data":{"poolHit":false,"poolSize":1,"backBufSize":236496,"needed":238032,"totalMs":0.188},"timestamp":1775441590944}
{"sessionId":"6bde4a","hypothesisId":"E","location":"TerrainController.cpp:223","message":"eviction breakdown","data":{"evictRecordLoopMs":22.098,"deferredPushAndReleaseMs":0.006,"totalMs":22.104,"coord":[-3,3]},"timestamp":1775441591544}
{"sessionId":"6bde4a","hypothesisId":"E","location":"TerrainController.cpp:223","message":"eviction breakdown","data":{"evictRecordLoopMs":360.083,"deferredPushAndReleaseMs":19.866,"totalMs":379.949,"coord":[3,3]},"timestamp":1775441591995}
{"sessionId":"6bde4a","hypothesisId":"E","location":"TerrainController.cpp:223","message":"eviction breakdown","data":{"evictRecordLoopMs":32.372,"deferredPushAndReleaseMs":0.056,"totalMs":32.429,"coord":[0,3]},"timestamp":1775441592039}
{"sessionId":"6bde4a","hypothesisId":"B","location":"TerrainController.cpp:644","message":"pool refill","data":{"inputSsboPoolSize":2,"outputSsboPoolSize":2,"vboPoolSize":2,"iboPoolSize":2,"deferredRemaining":3},"timestamp":1775441592109}
{"sessionId":"6bde4a","hypothesisId":"B","location":"TerrainController.cpp:644","message":"pool refill","data":{"inputSsboPoolSize":3,"outputSsboPoolSize":3,"vboPoolSize":3,"iboPoolSize":3,"deferredRemaining":2},"timestamp":1775441592110}
{"sessionId":"6bde4a","hypothesisId":"B","location":"TerrainController.cpp:644","message":"pool refill","data":{"inputSsboPoolSize":4,"outputSsboPoolSize":4,"vboPoolSize":4,"iboPoolSize":4,"deferredRemaining":1},"timestamp":1775441592114}
{"sessionId":"6bde4a","hypothesisId":"A","location":"VkTerrain.h:393","message":"ssbo1 breakdown","data":{"poolHit":false,"poolSize":4,"backBufSize":1857520,"needed":1860608,"initOrPoolMs":0.254,"mapMs":0.001,"cpyFlushMs":0.663,"totalMs":0.917},"timestamp":1775441593556}
{"sessionId":"6bde4a","hypothesisId":"B","location":"VkTerrain.h:432","message":"ssbo2 breakdown","data":{"poolHit":false,"poolSize":4,"backBufSize":235120,"needed":237280,"totalMs":3.643},"timestamp":1775441593583}
{"sessionId":"6bde4a","hypothesisId":"A","location":"VkTerrain.h:393","message":"ssbo1 breakdown","data":{"poolHit":true,"poolSize":3,"backBufSize":1863488,"needed":1860016,"initOrPoolMs":0.001,"mapMs":0.001,"cpyFlushMs":1.064,"totalMs":1.066},"timestamp":1775441593584}
{"sessionId":"6bde4a","hypothesisId":"B","location":"VkTerrain.h:432","message":"ssbo2 breakdown","data":{"poolHit":true,"poolSize":3,"backBufSize":238464,"needed":236448,"totalMs":0.002},"timestamp":1775441593585}
{"sessionId":"6bde4a","hypothesisId":"A","location":"VkTerrain.h:393","message":"ssbo1 breakdown","data":{"poolHit":true,"poolSize":2,"backBufSize":1864576,"needed":1861712,"initOrPoolMs":0.001,"mapMs":0.000,"cpyFlushMs":0.662,"totalMs":0.663},"timestamp":1775441593830}
{"sessionId":"6bde4a","hypothesisId":"B","location":"VkTerrain.h:432","message":"ssbo2 breakdown","data":{"poolHit":true,"poolSize":2,"backBufSize":237168,"needed":237024,"totalMs":0.001},"timestamp":1775441593831}
{"sessionId":"6bde4a","hypothesisId":"E","location":"TerrainController.cpp:223","message":"eviction breakdown","data":{"evictRecordLoopMs":19.235,"deferredPushAndReleaseMs":0.006,"totalMs":19.240,"coord":[-3,6]},"timestamp":1775441594730}
{"sessionId":"6bde4a","hypothesisId":"E","location":"TerrainController.cpp:223","message":"eviction breakdown","data":{"evictRecordLoopMs":8.377,"deferredPushAndReleaseMs":0.005,"totalMs":8.382,"coord":[3,6]},"timestamp":1775441594749}
{"sessionId":"6bde4a","hypothesisId":"E","location":"TerrainController.cpp:223","message":"eviction breakdown","data":{"evictRecordLoopMs":9.095,"deferredPushAndReleaseMs":0.033,"totalMs":9.128,"coord":[0,6]},"timestamp":1775441595271}
{"sessionId":"6bde4a","hypothesisId":"B","location":"TerrainController.cpp:644","message":"pool refill","data":{"inputSsboPoolSize":2,"outputSsboPoolSize":2,"vboPoolSize":2,"iboPoolSize":2,"deferredRemaining":3},"timestamp":1775441595295}
{"sessionId":"6bde4a","hypothesisId":"B","location":"TerrainController.cpp:644","message":"pool refill","data":{"inputSsboPoolSize":3,"outputSsboPoolSize":3,"vboPoolSize":3,"iboPoolSize":3,"deferredRemaining":2},"timestamp":1775441595297}
{"sessionId":"6bde4a","hypothesisId":"B","location":"TerrainController.cpp:644","message":"pool refill","data":{"inputSsboPoolSize":4,"outputSsboPoolSize":4,"vboPoolSize":4,"iboPoolSize":4,"deferredRemaining":1},"timestamp":1775441595306}
{"sessionId":"6bde4a","hypothesisId":"A","location":"VkTerrain.h:393","message":"ssbo1 breakdown","data":{"poolHit":true,"poolSize":4,"backBufSize":1865744,"needed":1856752,"initOrPoolMs":0.001,"mapMs":0.001,"cpyFlushMs":0.668,"totalMs":0.670},"timestamp":1775441597160}
{"sessionId":"6bde4a","hypothesisId":"B","location":"VkTerrain.h:432","message":"ssbo2 breakdown","data":{"poolHit":true,"poolSize":4,"backBufSize":238368,"needed":237600,"totalMs":0.002},"timestamp":1775441597178}
{"sessionId":"6bde4a","hypothesisId":"A","location":"VkTerrain.h:393","message":"ssbo1 breakdown","data":{"poolHit":false,"poolSize":3,"backBufSize":1860048,"needed":1863808,"initOrPoolMs":0.129,"mapMs":0.001,"cpyFlushMs":0.647,"totalMs":0.777},"timestamp":1775441597179}
{"sessionId":"6bde4a","hypothesisId":"B","location":"VkTerrain.h:432","message":"ssbo2 breakdown","data":{"poolHit":false,"poolSize":3,"backBufSize":237024,"needed":238512,"totalMs":0.131},"timestamp":1775441597180}
{"sessionId":"6bde4a","hypothesisId":"A","location":"VkTerrain.h:393","message":"ssbo1 breakdown","data":{"poolHit":false,"poolSize":3,"backBufSize":1860048,"needed":1860304,"initOrPoolMs":0.119,"mapMs":0.000,"cpyFlushMs":0.780,"totalMs":0.898},"timestamp":1775441597428}
{"sessionId":"6bde4a","hypothesisId":"B","location":"VkTerrain.h:432","message":"ssbo2 breakdown","data":{"poolHit":false,"poolSize":3,"backBufSize":237024,"needed":237136,"totalMs":0.150},"timestamp":1775441597428}
{"sessionId":"6bde4a","hypothesisId":"E","location":"TerrainController.cpp:223","message":"eviction breakdown","data":{"evictRecordLoopMs":19.948,"deferredPushAndReleaseMs":0.006,"totalMs":19.954,"coord":[0,9]},"timestamp":1775441597925}
{"sessionId":"6bde4a","hypothesisId":"E","location":"TerrainController.cpp:223","message":"eviction breakdown","data":{"evictRecordLoopMs":4.801,"deferredPushAndReleaseMs":0.004,"totalMs":4.805,"coord":[-3,9]},"timestamp":1775441597933}
{"sessionId":"6bde4a","hypothesisId":"E","location":"TerrainController.cpp:223","message":"eviction breakdown","data":{"evictRecordLoopMs":44.461,"deferredPushAndReleaseMs":0.029,"totalMs":44.489,"coord":[3,9]},"timestamp":1775441598466}
{"sessionId":"6bde4a","hypothesisId":"B","location":"TerrainController.cpp:644","message":"pool refill","data":{"inputSsboPoolSize":4,"outputSsboPoolSize":4,"vboPoolSize":4,"iboPoolSize":3,"deferredRemaining":3},"timestamp":1775441598488}
{"sessionId":"6bde4a","hypothesisId":"B","location":"TerrainController.cpp:644","message":"pool refill","data":{"inputSsboPoolSize":5,"outputSsboPoolSize":5,"vboPoolSize":5,"iboPoolSize":4,"deferredRemaining":2},"timestamp":1775441598489}
{"sessionId":"6bde4a","hypothesisId":"B","location":"TerrainController.cpp:644","message":"pool refill","data":{"inputSsboPoolSize":6,"outputSsboPoolSize":6,"vboPoolSize":6,"iboPoolSize":5,"deferredRemaining":1},"timestamp":1775441598498}
{"sessionId":"6bde4a","hypothesisId":"A","location":"VkTerrain.h:393","message":"ssbo1 breakdown","data":{"poolHit":true,"poolSize":6,"backBufSize":1859200,"needed":1853632,"initOrPoolMs":0.001,"mapMs":0.000,"cpyFlushMs":0.757,"totalMs":0.758},"timestamp":1775441599962}
{"sessionId":"6bde4a","hypothesisId":"B","location":"VkTerrain.h:432","message":"ssbo2 breakdown","data":{"poolHit":true,"poolSize":6,"backBufSize":237792,"needed":235088,"totalMs":0.001},"timestamp":1775441599962}
{"sessionId":"6bde4a","hypothesisId":"A","location":"VkTerrain.h:393","message":"ssbo1 breakdown","data":{"poolHit":true,"poolSize":5,"backBufSize":1863904,"needed":1861056,"initOrPoolMs":0.001,"mapMs":0.000,"cpyFlushMs":0.648,"totalMs":0.649},"timestamp":1775441599963}
{"sessionId":"6bde4a","hypothesisId":"B","location":"VkTerrain.h:432","message":"ssbo2 breakdown","data":{"poolHit":true,"poolSize":5,"backBufSize":238144,"needed":237168,"totalMs":0.001},"timestamp":1775441599963}
{"sessionId":"6bde4a","hypothesisId":"A","location":"VkTerrain.h:393","message":"ssbo1 breakdown","data":{"poolHit":true,"poolSize":4,"backBufSize":1865872,"needed":1865232,"initOrPoolMs":0.001,"mapMs":0.001,"cpyFlushMs":0.284,"totalMs":0.286},"timestamp":1775441600225}
{"sessionId":"6bde4a","hypothesisId":"B","location":"VkTerrain.h:432","message":"ssbo2 breakdown","data":{"poolHit":true,"poolSize":4,"backBufSize":238032,"needed":236992,"totalMs":0.001},"timestamp":1775441600225}
{"sessionId":"6bde4a","hypothesisId":"E","location":"TerrainController.cpp:223","message":"eviction breakdown","data":{"evictRecordLoopMs":16.479,"deferredPushAndReleaseMs":0.006,"totalMs":16.485,"coord":[-3,12]},"timestamp":1775441601118}
{"sessionId":"6bde4a","hypothesisId":"E","location":"TerrainController.cpp:223","message":"eviction breakdown","data":{"evictRecordLoopMs":375.560,"deferredPushAndReleaseMs":25.944,"totalMs":401.504,"coord":[3,12]},"timestamp":1775441601579}
{"sessionId":"6bde4a","hypothesisId":"E","location":"TerrainController.cpp:223","message":"eviction breakdown","data":{"evictRecordLoopMs":6.811,"deferredPushAndReleaseMs":0.045,"totalMs":6.856,"coord":[0,12]},"timestamp":1775441601668}
{"sessionId":"6bde4a","hypothesisId":"B","location":"TerrainController.cpp:644","message":"pool refill","data":{"inputSsboPoolSize":4,"outputSsboPoolSize":4,"vboPoolSize":4,"iboPoolSize":3,"deferredRemaining":3},"timestamp":1775441601690}
{"sessionId":"6bde4a","hypothesisId":"B","location":"TerrainController.cpp:644","message":"pool refill","data":{"inputSsboPoolSize":5,"outputSsboPoolSize":5,"vboPoolSize":5,"iboPoolSize":4,"deferredRemaining":2},"timestamp":1775441601691}
{"sessionId":"6bde4a","hypothesisId":"B","location":"TerrainController.cpp:644","message":"pool refill","data":{"inputSsboPoolSize":6,"outputSsboPoolSize":6,"vboPoolSize":6,"iboPoolSize":5,"deferredRemaining":1},"timestamp":1775441601699}
{"sessionId":"6bde4a","hypothesisId":"A","location":"VkTerrain.h:393","message":"ssbo1 breakdown","data":{"poolHit":true,"poolSize":6,"backBufSize":1864576,"needed":1859312,"initOrPoolMs":0.001,"mapMs":0.000,"cpyFlushMs":0.711,"totalMs":0.712},"timestamp":1775441603377}
{"sessionId":"6bde4a","hypothesisId":"B","location":"VkTerrain.h:432","message":"ssbo2 breakdown","data":{"poolHit":false,"poolSize":6,"backBufSize":237168,"needed":237648,"totalMs":0.196},"timestamp":1775441603378}
{"sessionId":"6bde4a","hypothesisId":"A","location":"VkTerrain.h:393","message":"ssbo1 breakdown","data":{"poolHit":true,"poolSize":5,"backBufSize":1863488,"needed":1861248,"initOrPoolMs":0.001,"mapMs":0.000,"cpyFlushMs":0.663,"totalMs":0.664},"timestamp":1775441603379}
{"sessionId":"6bde4a","hypothesisId":"B","location":"VkTerrain.h:432","message":"ssbo2 breakdown","data":{"poolHit":true,"poolSize":5,"backBufSize":238464,"needed":237104,"totalMs":0.001},"timestamp":1775441603379}
{"sessionId":"6bde4a","hypothesisId":"A","location":"VkTerrain.h:393","message":"ssbo1 breakdown","data":{"poolHit":false,"poolSize":4,"backBufSize":1860608,"needed":1867328,"initOrPoolMs":0.240,"mapMs":0.001,"cpyFlushMs":0.652,"totalMs":0.892},"timestamp":1775441603643}
{"sessionId":"6bde4a","hypothesisId":"B","location":"VkTerrain.h:432","message":"ssbo2 breakdown","data":{"poolHit":false,"poolSize":4,"backBufSize":237280,"needed":237824,"totalMs":0.173},"timestamp":1775441603644}
{"sessionId":"6bde4a","hypothesisId":"E","location":"TerrainController.cpp:223","message":"eviction breakdown","data":{"evictRecordLoopMs":23.124,"deferredPushAndReleaseMs":0.006,"totalMs":23.130,"coord":[-3,15]},"timestamp":1775441604345}
{"sessionId":"6bde4a","hypothesisId":"E","location":"TerrainController.cpp:223","message":"eviction breakdown","data":{"evictRecordLoopMs":455.727,"deferredPushAndReleaseMs":0.048,"totalMs":455.776,"coord":[3,15]},"timestamp":1775441604817}
{"sessionId":"6bde4a","hypothesisId":"E","location":"TerrainController.cpp:223","message":"eviction breakdown","data":{"evictRecordLoopMs":4.739,"deferredPushAndReleaseMs":0.093,"totalMs":4.832,"coord":[0,15]},"timestamp":1775441604841}
{"sessionId":"6bde4a","hypothesisId":"B","location":"TerrainController.cpp:644","message":"pool refill","data":{"inputSsboPoolSize":4,"outputSsboPoolSize":4,"vboPoolSize":4,"iboPoolSize":4,"deferredRemaining":3},"timestamp":1775441604869}
{"sessionId":"6bde4a","hypothesisId":"B","location":"TerrainController.cpp:644","message":"pool refill","data":{"inputSsboPoolSize":5,"outputSsboPoolSize":5,"vboPoolSize":5,"iboPoolSize":5,"deferredRemaining":2},"timestamp":1775441604870}
{"sessionId":"6bde4a","hypothesisId":"B","location":"TerrainController.cpp:644","message":"pool refill","data":{"inputSsboPoolSize":6,"outputSsboPoolSize":6,"vboPoolSize":6,"iboPoolSize":6,"deferredRemaining":1},"timestamp":1775441604880}
{"sessionId":"6bde4a","hypothesisId":"A","location":"VkTerrain.h:393","message":"ssbo1 breakdown","data":{"poolHit":false,"poolSize":6,"backBufSize":1860304,"needed":1861632,"initOrPoolMs":0.177,"mapMs":0.002,"cpyFlushMs":0.650,"totalMs":0.829},"timestamp":1775441606934}
{"sessionId":"6bde4a","hypothesisId":"B","location":"VkTerrain.h:432","message":"ssbo2 breakdown","data":{"poolHit":true,"poolSize":6,"backBufSize":237136,"needed":237104,"totalMs":0.002},"timestamp":1775441606959}
{"sessionId":"6bde4a","hypothesisId":"A","location":"VkTerrain.h:393","message":"ssbo1 breakdown","data":{"poolHit":true,"poolSize":5,"backBufSize":1865744,"needed":1852128,"initOrPoolMs":0.001,"mapMs":0.001,"cpyFlushMs":0.673,"totalMs":0.674},"timestamp":1775441606964}
{"sessionId":"6bde4a","hypothesisId":"B","location":"VkTerrain.h:432","message":"ssbo2 breakdown","data":{"poolHit":true,"poolSize":5,"backBufSize":238368,"needed":236960,"totalMs":0.002},"timestamp":1775441606964}
{"sessionId":"6bde4a","hypothesisId":"A","location":"VkTerrain.h:393","message":"ssbo1 breakdown","data":{"poolHit":true,"poolSize":4,"backBufSize":1863808,"needed":1856448,"initOrPoolMs":0.001,"mapMs":0.000,"cpyFlushMs":0.702,"totalMs":0.703},"timestamp":1775441607226}
{"sessionId":"6bde4a","hypothesisId":"B","location":"VkTerrain.h:432","message":"ssbo2 breakdown","data":{"poolHit":true,"poolSize":4,"backBufSize":238512,"needed":235344,"totalMs":0.001},"timestamp":1775441607226}
{"sessionId":"6bde4a","hypothesisId":"E","location":"TerrainController.cpp:223","message":"eviction breakdown","data":{"evictRecordLoopMs":19.412,"deferredPushAndReleaseMs":0.006,"totalMs":19.418,"coord":[-3,18]},"timestamp":1775441607530}
{"sessionId":"6bde4a","hypothesisId":"E","location":"TerrainController.cpp:223","message":"eviction breakdown","data":{"evictRecordLoopMs":14.903,"deferredPushAndReleaseMs":0.006,"totalMs":14.909,"coord":[3,18]},"timestamp":1775441607553}
{"sessionId":"6bde4a","hypothesisId":"E","location":"TerrainController.cpp:223","message":"eviction breakdown","data":{"evictRecordLoopMs":19.601,"deferredPushAndReleaseMs":0.108,"totalMs":19.709,"coord":[0,18]},"timestamp":1775441607962}
{"sessionId":"6bde4a","hypothesisId":"B","location":"TerrainController.cpp:644","message":"pool refill","data":{"inputSsboPoolSize":4,"outputSsboPoolSize":4,"vboPoolSize":4,"iboPoolSize":4,"deferredRemaining":3},"timestamp":1775441607985}
{"sessionId":"6bde4a","hypothesisId":"B","location":"TerrainController.cpp:644","message":"pool refill","data":{"inputSsboPoolSize":5,"outputSsboPoolSize":5,"vboPoolSize":5,"iboPoolSize":5,"deferredRemaining":2},"timestamp":1775441607985}
{"sessionId":"6bde4a","hypothesisId":"B","location":"TerrainController.cpp:644","message":"pool refill","data":{"inputSsboPoolSize":6,"outputSsboPoolSize":6,"vboPoolSize":6,"iboPoolSize":6,"deferredRemaining":1},"timestamp":1775441608024}
{"sessionId":"6bde4a","hypothesisId":"A","location":"VkTerrain.h:393","message":"ssbo1 breakdown","data":{"poolHit":true,"poolSize":6,"backBufSize":1865872,"needed":1855616,"initOrPoolMs":0.001,"mapMs":0.001,"cpyFlushMs":0.740,"totalMs":0.741},"timestamp":1775441610374}
{"sessionId":"6bde4a","hypothesisId":"B","location":"VkTerrain.h:432","message":"ssbo2 breakdown","data":{"poolHit":true,"poolSize":6,"backBufSize":238032,"needed":237424,"totalMs":0.002},"timestamp":1775441610388}
{"sessionId":"6bde4a","hypothesisId":"A","location":"VkTerrain.h:393","message":"ssbo1 breakdown","data":{"poolHit":false,"poolSize":5,"backBufSize":1859200,"needed":1867872,"initOrPoolMs":1.441,"mapMs":0.001,"cpyFlushMs":0.662,"totalMs":2.104},"timestamp":1775441610395}
{"sessionId":"6bde4a","hypothesisId":"B","location":"VkTerrain.h:432","message":"ssbo2 breakdown","data":{"poolHit":false,"poolSize":5,"backBufSize":237792,"needed":239264,"totalMs":0.285},"timestamp":1775441610399}
{"sessionId":"6bde4a","hypothesisId":"A","location":"VkTerrain.h:393","message":"ssbo1 breakdown","data":{"poolHit":false,"poolSize":4,"backBufSize":1863904,"needed":1864864,"initOrPoolMs":0.171,"mapMs":0.001,"cpyFlushMs":0.673,"totalMs":0.845},"timestamp":1775441610676}
{"sessionId":"6bde4a","hypothesisId":"B","location":"VkTerrain.h:432","message":"ssbo2 breakdown","data":{"poolHit":true,"poolSize":4,"backBufSize":238144,"needed":237648,"totalMs":0.001},"timestamp":1775441610676}
{"sessionId":"6bde4a","hypothesisId":"E","location":"TerrainController.cpp:223","message":"eviction breakdown","data":{"evictRecordLoopMs":19.732,"deferredPushAndReleaseMs":0.007,"totalMs":19.739,"coord":[0,21]},"timestamp":1775441610738}
{"sessionId":"6bde4a","hypothesisId":"E","location":"TerrainController.cpp:223","message":"eviction breakdown","data":{"evictRecordLoopMs":15.198,"deferredPushAndReleaseMs":0.006,"totalMs":15.204,"coord":[3,21]},"timestamp":1775441610768}
{"sessionId":"6bde4a","hypothesisId":"E","location":"TerrainController.cpp:223","message":"eviction breakdown","data":{"evictRecordLoopMs":48.321,"deferredPushAndReleaseMs":0.038,"totalMs":48.358,"coord":[-3,21]},"timestamp":1775441611287}
{"sessionId":"6bde4a","hypothesisId":"B","location":"TerrainController.cpp:644","message":"pool refill","data":{"inputSsboPoolSize":4,"outputSsboPoolSize":4,"vboPoolSize":4,"iboPoolSize":4,"deferredRemaining":3},"timestamp":1775441611310}
{"sessionId":"6bde4a","hypothesisId":"B","location":"TerrainController.cpp:644","message":"pool refill","data":{"inputSsboPoolSize":5,"outputSsboPoolSize":5,"vboPoolSize":5,"iboPoolSize":5,"deferredRemaining":2},"timestamp":1775441611310}
{"sessionId":"6bde4a","hypothesisId":"B","location":"TerrainController.cpp:644","message":"pool refill","data":{"inputSsboPoolSize":6,"outputSsboPoolSize":6,"vboPoolSize":6,"iboPoolSize":6,"deferredRemaining":1},"timestamp":1775441611322}
